  compilation object save succeeded; see D:\学校\K020G1211\就活作品\engine\x64\Debug\BasicPS.cso
  compilation object save succeeded; see D:\学校\K020G1211\就活作品\engine\x64\Debug\BasicVS.cso
  compilation object save succeeded; see D:\学校\K020G1211\就活作品\engine\x64\Debug\FBXPS.cso
  compilation object save succeeded; see D:\学校\K020G1211\就活作品\engine\x64\Debug\FBXVS.cso
  compilation object save succeeded; see D:\学校\K020G1211\就活作品\engine\x64\Debug\OBJPS.cso
  compilation object save succeeded; see D:\学校\K020G1211\就活作品\engine\x64\Debug\OBJVS.cso
  compilation object save succeeded; see D:\学校\K020G1211\就活作品\engine\x64\Debug\PostEffectTestPS.cso
  compilation object save succeeded; see D:\学校\K020G1211\就活作品\engine\x64\Debug\PostEffectTestVS.cso
  compilation object save succeeded; see D:\学校\K020G1211\就活作品\engine\x64\Debug\SpritePS.cso
  compilation object save succeeded; see D:\学校\K020G1211\就活作品\engine\x64\Debug\SpriteVS.cso
  DebugText.cpp
  PostEffect.cpp
  Sprite.cpp
  SpriteCommon.cpp
  FbxLoader.cpp
  FBXModel.cpp
  ObjectFBX3d.cpp
  Model.cpp
c1xx : fatal  error C1083: ソース ファイルを開けません。'3d\obj\Model.cpp':No such file or directory
  Object3d.cpp
c1xx : fatal  error C1083: ソース ファイルを開けません。'3d\obj\Object3d.cpp':No such file or directory
  Audio.cpp
  Camera.cpp
  DebugCamera.cpp
  Collision.cpp
D:\学校\K020G1211\就活作品\engine\base\Collision\Collision.cpp(5,77): warning C4244: '引数': 'double' から 'float' への変換です。データが失われる可能性があります。
D:\学校\K020G1211\就活作品\engine\base\Collision\Collision.cpp(14,16): warning C4244: '初期化中': 'double' から 'float' への変換です。データが失われる可能性があります。
D:\学校\K020G1211\就活作品\engine\base\Collision\Collision.cpp(16,16): warning C4244: '初期化中': 'double' から 'float' への変換です。データが失われる可能性があります。
D:\学校\K020G1211\就活作品\engine\base\Collision\Collision.cpp(23,85): warning C4244: '引数': 'double' から 'float' への変換です。データが失われる可能性があります。
D:\学校\K020G1211\就活作品\engine\base\Collision\Collision.cpp(30,85): warning C4244: '引数': 'double' から 'float' への変換です。データが失われる可能性があります。
  DirectXCommon.cpp
D:\学校\K020G1211\就活作品\engine\base\dxcomon\DirectXCommon.cpp(170,10): warning C4101: 'result': ローカル変数は 1 度も使われていません。
  Input.cpp
  WinApp.cpp
  AttackJudgment.cpp
D:\学校\K020G1211\就活作品\engine\BehaviorBase\testBehavior\Enemy.h(6,9): fatal  error C1083: include ファイルを開けません。'Model.h':No such file or directory
  BehaviorData.cpp
D:\学校\K020G1211\就活作品\engine\BehaviorBase\testBehavior\Enemy.h(6,9): fatal  error C1083: include ファイルを開けません。'Model.h':No such file or directory
  BehaviorTree.cpp
D:\学校\K020G1211\就活作品\engine\BehaviorBase\testBehavior\Enemy.h(6,9): fatal  error C1083: include ファイルを開けません。'Model.h':No such file or directory
  CharaBase.cpp
  コードを生成中...
  コンパイル中...
  DeffenceAction.cpp
D:\学校\K020G1211\就活作品\engine\BehaviorBase\testBehavior\Enemy.h(6,9): fatal  error C1083: include ファイルを開けません。'Model.h':No such file or directory
  DeffenceJudgment.cpp
D:\学校\K020G1211\就活作品\engine\BehaviorBase\testBehavior\Enemy.h(6,9): fatal  error C1083: include ファイルを開けません。'Model.h':No such file or directory
  Enemy.cpp
D:\学校\K020G1211\就活作品\engine\BehaviorBase\testBehavior\Enemy.h(6,9): fatal  error C1083: include ファイルを開けません。'Model.h':No such file or directory
  MagicAction.cpp
D:\学校\K020G1211\就活作品\engine\BehaviorBase\testBehavior\Enemy.h(6,9): fatal  error C1083: include ファイルを開けません。'Model.h':No such file or directory
  MagicAttackJudgment.cpp
D:\学校\K020G1211\就活作品\engine\BehaviorBase\testBehavior\Enemy.h(6,9): fatal  error C1083: include ファイルを開けません。'Model.h':No such file or directory
  NodeBase.cpp
D:\学校\K020G1211\就活作品\engine\BehaviorBase\testBehavior\Enemy.h(6,9): fatal  error C1083: include ファイルを開けません。'Model.h':No such file or directory
  PhysicsAction.cpp
D:\学校\K020G1211\就活作品\engine\BehaviorBase\testBehavior\Enemy.h(6,9): fatal  error C1083: include ファイルを開けません。'Model.h':No such file or directory
  SkillAction.cpp
D:\学校\K020G1211\就活作品\engine\BehaviorBase\testBehavior\Enemy.h(6,9): fatal  error C1083: include ファイルを開けません。'Model.h':No such file or directory
  SkillAttackJudgment.cpp
D:\学校\K020G1211\就活作品\engine\BehaviorBase\testBehavior\Enemy.h(6,9): fatal  error C1083: include ファイルを開けません。'Model.h':No such file or directory
  main.cpp
D:\学校\K020G1211\就活作品\engine\main.cpp(8,10): fatal  error C1083: include ファイルを開けません。'Object3d.h':No such file or directory
  コードを生成中...
